2024-10-22 16:05:12,615 INFO o.h.v.i.u.Version [background-preinit] HV000001: Hibernate Validator 8.0.1.Final
2024-10-22 16:05:12,735 INFO o.s.b.StartupInfoLogger [main] Starting ImageServerApplication using Java 21.0.1 with PID 31320 (D:\ImageServer\ImageServer\target\classes started by Admin in D:\ImageServer)
2024-10-22 16:05:12,743 DEBUG o.s.b.StartupInfoLogger [main] Running with Spring Boot v3.3.1, Spring v6.1.10
2024-10-22 16:05:12,745 INFO o.s.b.SpringApplication [main] No active profile set, falling back to 1 default profile: "default"
2024-10-22 16:05:14,591 INFO o.s.d.r.c.RepositoryConfigurationDelegate [main] Multiple Spring Data modules found, entering strict repository configuration mode
2024-10-22 16:05:14,594 INFO o.s.d.r.c.RepositoryConfigurationDelegate [main] Bootstrapping Spring Data JPA repositories in DEFAULT mode.
2024-10-22 16:05:14,699 INFO o.s.d.r.c.RepositoryConfigurationExtensionSupport [main] Spring Data JPA - Could not safely identify store assignment for repository candidate interface com.kosine.ImageServer.loginrepository.RoleRepository; If you want this repository to be a JPA repository, consider annotating your entities with one of these annotations: jakarta.persistence.Entity, jakarta.persistence.MappedSuperclass (preferred), or consider extending one of the following types with your repository: org.springframework.data.jpa.repository.JpaRepository
2024-10-22 16:05:14,703 INFO o.s.d.r.c.RepositoryConfigurationExtensionSupport [main] Spring Data JPA - Could not safely identify store assignment for repository candidate interface com.kosine.ImageServer.loginrepository.UserRepository; If you want this repository to be a JPA repository, consider annotating your entities with one of these annotations: jakarta.persistence.Entity, jakarta.persistence.MappedSuperclass (preferred), or consider extending one of the following types with your repository: org.springframework.data.jpa.repository.JpaRepository
2024-10-22 16:05:14,707 INFO o.s.d.r.c.RepositoryConfigurationExtensionSupport [main] Spring Data JPA - Could not safely identify store assignment for repository candidate interface com.kosine.ImageServer.repository.alertRepo; If you want this repository to be a JPA repository, consider annotating your entities with one of these annotations: jakarta.persistence.Entity, jakarta.persistence.MappedSuperclass (preferred), or consider extending one of the following types with your repository: org.springframework.data.jpa.repository.JpaRepository
2024-10-22 16:05:14,724 INFO o.s.d.r.c.RepositoryConfigurationExtensionSupport [main] Spring Data JPA - Could not safely identify store assignment for repository candidate interface com.kosine.ImageServer.repository.smartrackrepo; If you want this repository to be a JPA repository, consider annotating your entities with one of these annotations: jakarta.persistence.Entity, jakarta.persistence.MappedSuperclass (preferred), or consider extending one of the following types with your repository: org.springframework.data.jpa.repository.JpaRepository
2024-10-22 16:05:14,726 INFO o.s.d.r.c.RepositoryConfigurationExtensionSupport [main] Spring Data JPA - Could not safely identify store assignment for repository candidate interface com.kosine.ImageServer.repository.TutorialRepository; If you want this repository to be a JPA repository, consider annotating your entities with one of these annotations: jakarta.persistence.Entity, jakarta.persistence.MappedSuperclass (preferred), or consider extending one of the following types with your repository: org.springframework.data.jpa.repository.JpaRepository
2024-10-22 16:05:14,778 INFO o.s.d.r.c.RepositoryConfigurationDelegate [main] Finished Spring Data repository scanning in 165 ms. Found 1 JPA repository interface.
2024-10-22 16:05:14,869 INFO o.s.d.r.c.RepositoryConfigurationDelegate [main] Multiple Spring Data modules found, entering strict repository configuration mode
2024-10-22 16:05:14,869 INFO o.s.d.r.c.RepositoryConfigurationDelegate [main] Bootstrapping Spring Data MongoDB repositories in DEFAULT mode.
2024-10-22 16:05:14,893 INFO o.s.d.r.c.RepositoryConfigurationExtensionSupport [main] Spring Data MongoDB - Could not safely identify store assignment for repository candidate interface com.kosine.ImageServer.repository.FileDBRepository; If you want this repository to be a MongoDB repository, consider annotating your entities with one of these annotations: org.springframework.data.mongodb.core.mapping.Document (preferred), or consider extending one of the following types with your repository: org.springframework.data.mongodb.repository.MongoRepository
2024-10-22 16:05:14,917 INFO o.s.d.r.c.RepositoryConfigurationDelegate [main] Finished Spring Data repository scanning in 48 ms. Found 5 MongoDB repository interfaces.
2024-10-22 16:05:16,426 DEBUG o.s.b.w.s.s.DocumentRoot [main] Code archive: C:\Users\Admin\.m2\repository\org\springframework\boot\spring-boot\3.3.1\spring-boot-3.3.1.jar
2024-10-22 16:05:16,427 DEBUG o.s.b.w.s.s.DocumentRoot [main] Code archive: C:\Users\Admin\.m2\repository\org\springframework\boot\spring-boot\3.3.1\spring-boot-3.3.1.jar
2024-10-22 16:05:16,427 DEBUG o.s.b.w.s.s.DocumentRoot [main] None of the document roots [src/main/webapp, public, static] point to a directory and will be ignored.
2024-10-22 16:05:16,484 INFO o.s.b.w.e.t.TomcatWebServer [main] Tomcat initialized with ports 8990 (https), 8890 (http)
2024-10-22 16:05:16,517 INFO o.a.j.l.DirectJDKLog [main] Initializing ProtocolHandler ["https-jsse-nio-8990"]
2024-10-22 16:05:16,520 INFO o.a.j.l.DirectJDKLog [main] Initializing ProtocolHandler ["http-nio-8890"]
2024-10-22 16:05:16,524 INFO o.a.j.l.DirectJDKLog [main] Starting service [Tomcat]
2024-10-22 16:05:16,524 INFO o.a.j.l.DirectJDKLog [main] Starting Servlet engine: [Apache Tomcat/10.1.25]
2024-10-22 16:05:16,797 INFO o.a.j.l.DirectJDKLog [main] Initializing Spring embedded WebApplicationContext
2024-10-22 16:05:16,800 INFO o.s.b.w.s.c.ServletWebServerApplicationContext [main] Root WebApplicationContext: initialization completed in 3922 ms
2024-10-22 16:05:17,255 INFO c.m.i.d.l.SLF4JLogger [main] MongoClient with metadata {"driver": {"name": "mongo-java-driver|sync|spring-boot", "version": "5.0.1"}, "os": {"type": "Windows", "name": "Windows 11", "architecture": "amd64", "version": "10.0"}, "platform": "Java/Oracle Corporation/21.0.1+12-LTS-29"} created with settings MongoClientSettings{readPreference=primary, writeConcern=WriteConcern{w=null, wTimeout=null ms, journal=null}, retryWrites=true, retryReads=true, readConcern=ReadConcern{level=null}, credential=MongoCredential{mechanism=SCRAM-SHA-1, userName='kosine', source='admin', password=<hidden>, mechanismProperties=<hidden>}, transportSettings=null, commandListeners=[], codecRegistry=ProvidersCodecRegistry{codecProviders=[ValueCodecProvider{}, BsonValueCodecProvider{}, DBRefCodecProvider{}, DBObjectCodecProvider{}, DocumentCodecProvider{}, CollectionCodecProvider{}, IterableCodecProvider{}, MapCodecProvider{}, GeoJsonCodecProvider{}, GridFSFileCodecProvider{}, Jsr310CodecProvider{}, JsonObjectCodecProvider{}, BsonCodecProvider{}, EnumCodecProvider{}, com.mongodb.client.model.mql.ExpressionCodecProvider@693f2213, com.mongodb.Jep395RecordCodecProvider@514377fc, com.mongodb.KotlinCodecProvider@2e4eda17]}, loggerSettings=LoggerSettings{maxDocumentLength=1000}, clusterSettings={hosts=[103.133.229.230:27017], srvServiceName=mongodb, mode=SINGLE, requiredClusterType=UNKNOWN, requiredReplicaSetName='null', serverSelector='null', clusterListeners='[]', serverSelectionTimeout='30000 ms', localThreshold='15 ms'}, socketSettings=SocketSettings{connectTimeoutMS=10000, readTimeoutMS=0, receiveBufferSize=0, proxySettings=ProxySettings{host=null, port=null, username=null, password=null}}, heartbeatSocketSettings=SocketSettings{connectTimeoutMS=10000, readTimeoutMS=10000, receiveBufferSize=0, proxySettings=ProxySettings{host=null, port=null, username=null, password=null}}, connectionPoolSettings=ConnectionPoolSettings{maxSize=100, minSize=0, maxWaitTimeMS=120000, maxConnectionLifeTimeMS=0, maxConnectionIdleTimeMS=0, maintenanceInitialDelayMS=0, maintenanceFrequencyMS=60000, connectionPoolListeners=[], maxConnecting=2}, serverSettings=ServerSettings{heartbeatFrequencyMS=10000, minHeartbeatFrequencyMS=500, serverListeners='[]', serverMonitorListeners='[]'}, sslSettings=SslSettings{enabled=false, invalidHostNameAllowed=false, context=null}, applicationName='null', compressorList=[], uuidRepresentation=JAVA_LEGACY, serverApi=null, autoEncryptionSettings=null, dnsClient=null, inetAddressResolver=null, contextProvider=null}
2024-10-22 16:05:17,303 INFO c.m.i.d.l.SLF4JLogger [cluster-ClusterId{value='67177fe5edf44a65890c2e5b', description='null'}-103.133.229.230:27017] Monitor thread successfully connected to server with description ServerDescription{address=103.133.229.230:27017, type=STANDALONE, state=CONNECTED, ok=true, minWireVersion=0, maxWireVersion=21, maxDocumentSize=16777216, logicalSessionTimeoutMinutes=30, roundTripTimeNanos=61160500}
2024-10-22 16:05:18,156 DEBUG o.s.w.f.GenericFilterBean [main] Filter 'authenticationJwtTokenFilter' configured for use
2024-10-22 16:05:18,461 INFO o.h.j.i.u.LogHelper [main] HHH000204: Processing PersistenceUnitInfo [name: default]
2024-10-22 16:05:18,604 INFO o.h.Version [main] HHH000412: Hibernate ORM core version 6.5.2.Final
2024-10-22 16:05:18,706 INFO o.h.c.i.RegionFactoryInitiator [main] HHH000026: Second-level cache disabled
2024-10-22 16:05:19,328 INFO o.s.o.j.p.SpringPersistenceUnitInfo [main] No LoadTimeWeaver setup: ignoring JPA class transformer
2024-10-22 16:05:19,387 INFO c.z.h.HikariDataSource [main] HikariPool-1 - Starting...
2024-10-22 16:05:19,980 INFO c.z.h.p.HikariPool [main] HikariPool-1 - Added connection org.postgresql.jdbc.PgConnection@197180a5
2024-10-22 16:05:19,983 INFO c.z.h.HikariDataSource [main] HikariPool-1 - Start completed.
2024-10-22 16:05:20,055 WARN o.h.e.j.d.i.DialectFactoryImpl [main] HHH90000025: PostgreSQLDialect does not need to be specified explicitly using 'hibernate.dialect' (remove the property setting and it will be selected by default)
2024-10-22 16:05:21,669 INFO o.h.e.t.j.p.i.JtaPlatformInitiator [main] HHH000489: No JTA platform available (set 'hibernate.transaction.jta.platform' to enable JTA platform integration)
2024-10-22 16:05:21,773 INFO o.s.o.j.AbstractEntityManagerFactoryBean [main] Initialized JPA EntityManagerFactory for persistence unit 'default'
2024-10-22 16:05:22,686 INFO c.k.I.c.MQTTConfig [main] Connected to mqtt
2024-10-22 16:05:22,874 INFO o.s.s.c.a.a.c.InitializeAuthenticationProviderBeanManagerConfigurer$InitializeAuthenticationProviderManagerConfigurer [main] Global AuthenticationManager configured with AuthenticationProvider bean with name authenticationProvider
2024-10-22 16:05:22,878 WARN o.s.s.c.a.a.c.InitializeUserDetailsBeanManagerConfigurer$InitializeUserDetailsManagerConfigurer [main] Global AuthenticationManager configured with an AuthenticationProvider bean. UserDetailsService beans will not be used for username/password login. Consider removing the AuthenticationProvider bean. Alternatively, consider using the UserDetailsService in a manually instantiated DaoAuthenticationProvider.
2024-10-22 16:05:22,958 WARN o.s.b.a.o.j.JpaBaseConfiguration$JpaWebConfiguration [main] spring.jpa.open-in-view is enabled by default. Therefore, database queries may be performed during view rendering. Explicitly configure spring.jpa.open-in-view to disable this warning
2024-10-22 16:05:23,812 INFO o.a.j.l.DirectJDKLog [main] Starting ProtocolHandler ["https-jsse-nio-8990"]
2024-10-22 16:05:23,930 INFO o.a.j.l.DirectJDKLog [main] Connector [https-jsse-nio-8990], TLS virtual host [_default_], certificate type [UNDEFINED] configured from keystore [C:\Users\Admin\.keystore] using alias [bootalias] with trust store [null]
2024-10-22 16:05:23,953 INFO o.a.j.l.DirectJDKLog [main] Starting ProtocolHandler ["http-nio-8890"]
2024-10-22 16:05:23,961 INFO o.s.b.w.e.t.TomcatWebServer [main] Tomcat started on ports 8990 (https), 8890 (http) with context path '/'
2024-10-22 16:05:23,972 INFO o.s.b.StartupInfoLogger [main] Started ImageServerApplication in 12.281 seconds (process running for 14.13)
2024-10-22 16:05:41,547 WARN o.s.b.f.s.DisposableBeanAdapter [SpringApplicationShutdownHook] Invocation of close method failed on bean with name 'mqttClient': Client is connected (32100)
2024-10-22 16:05:41,548 INFO o.s.o.j.AbstractEntityManagerFactoryBean [SpringApplicationShutdownHook] Closing JPA EntityManagerFactory for persistence unit 'default'
2024-10-22 16:05:41,553 INFO c.z.h.HikariDataSource [SpringApplicationShutdownHook] HikariPool-1 - Shutdown initiated...
2024-10-22 16:05:41,624 INFO c.z.h.HikariDataSource [SpringApplicationShutdownHook] HikariPool-1 - Shutdown completed.
